<?xml version="1.0" encoding="UTF-8"?>
<testng-results ignored="0" total="5" passed="5" failed="0" skipped="0">
  <reporter-output>
  </reporter-output>
  <suite started-at="2021-06-03T13:27:26 IST" name="OrangeHRMDemoTestcases" finished-at="2021-06-03T13:29:21 IST" duration-ms="115326">
    <groups>
    </groups>
    <test started-at="2021-06-03T13:27:26 IST" name="LoginTestcases" finished-at="2021-06-03T13:29:21 IST" duration-ms="115326">
      <class name="QualityKiosksTraining.OrangeHRMTestCases.TestCases.InvalidLoginTestCases">
        <test-method is-config="true" signature="Init(java.lang.String)[pri:0, instance:QualityKiosksTraining.OrangeHRMTestCases.TestCases.InvalidLoginTestCases@769e7ee8]" started-at="2021-06-03T13:28:40 IST" name="Init" finished-at="2021-06-03T13:29:02 IST" duration-ms="22174" status="PASS">
          <params>
            <param index="0">
              <value>
                <![CDATA[CHROME]]>
              </value>
            </param>
          </params>
          <reporter-output>
          </reporter-output>
        </test-method> <!-- Init -->
        <test-method signature="TestLoginWithInValidCrdentials(java.lang.String, java.lang.String, java.lang.String)[pri:1, instance:QualityKiosksTraining.OrangeHRMTestCases.TestCases.InvalidLoginTestCases@769e7ee8]" started-at="2021-06-03T13:29:13 IST" name="TestLoginWithInValidCrdentials" data-provider="ProvideInvalidCredentialsFromExcel" finished-at="2021-06-03T13:29:16 IST" duration-ms="3095" status="PASS">
          <params>
            <param index="0">
              <value>
                <![CDATA[Admin]]>
              </value>
            </param>
            <param index="1">
              <value>
                <![CDATA[]]>
              </value>
            </param>
            <param index="2">
              <value>
                <![CDATA[Password cannot be empty]]>
              </value>
            </param>
          </params>
          <reporter-output>
          </reporter-output>
        </test-method> <!-- TestLoginWithInValidCrdentials -->
        <test-method signature="TestLoginWithInValidCrdentials(java.lang.String, java.lang.String, java.lang.String)[pri:1, instance:QualityKiosksTraining.OrangeHRMTestCases.TestCases.InvalidLoginTestCases@769e7ee8]" started-at="2021-06-03T13:29:16 IST" name="TestLoginWithInValidCrdentials" data-provider="ProvideInvalidCredentialsFromExcel" finished-at="2021-06-03T13:29:17 IST" duration-ms="1593" status="PASS">
          <params>
            <param index="0">
              <value>
                <![CDATA[]]>
              </value>
            </param>
            <param index="1">
              <value>
                <![CDATA[admin123]]>
              </value>
            </param>
            <param index="2">
              <value>
                <![CDATA[Username cannot be empty]]>
              </value>
            </param>
          </params>
          <reporter-output>
          </reporter-output>
        </test-method> <!-- TestLoginWithInValidCrdentials -->
        <test-method signature="TestLoginWithInValidCrdentials(java.lang.String, java.lang.String, java.lang.String)[pri:1, instance:QualityKiosksTraining.OrangeHRMTestCases.TestCases.InvalidLoginTestCases@769e7ee8]" started-at="2021-06-03T13:29:17 IST" name="TestLoginWithInValidCrdentials" data-provider="ProvideInvalidCredentialsFromExcel" finished-at="2021-06-03T13:29:18 IST" duration-ms="1030" status="PASS">
          <params>
            <param index="0">
              <value>
                <![CDATA[]]>
              </value>
            </param>
            <param index="1">
              <value>
                <![CDATA[]]>
              </value>
            </param>
            <param index="2">
              <value>
                <![CDATA[Username cannot be empty]]>
              </value>
            </param>
          </params>
          <reporter-output>
          </reporter-output>
        </test-method> <!-- TestLoginWithInValidCrdentials -->
        <test-method signature="TestLoginWithInValidCrdentials(java.lang.String, java.lang.String, java.lang.String)[pri:1, instance:QualityKiosksTraining.OrangeHRMTestCases.TestCases.InvalidLoginTestCases@769e7ee8]" started-at="2021-06-03T13:29:18 IST" name="TestLoginWithInValidCrdentials" data-provider="ProvideInvalidCredentialsFromExcel" finished-at="2021-06-03T13:29:21 IST" duration-ms="2957" status="PASS">
          <params>
            <param index="0">
              <value>
                <![CDATA[Deepali]]>
              </value>
            </param>
            <param index="1">
              <value>
                <![CDATA[mahale]]>
              </value>
            </param>
            <param index="2">
              <value>
                <![CDATA[Invalid credentials]]>
              </value>
            </param>
          </params>
          <reporter-output>
          </reporter-output>
        </test-method> <!-- TestLoginWithInValidCrdentials -->
      </class> <!-- QualityKiosksTraining.OrangeHRMTestCases.TestCases.InvalidLoginTestCases -->
      <class name="QualityKiosksTraining.OrangeHRMTestCases.TestCases.ValidLoginCredentialsTestcase">
        <test-method is-config="true" signature="Init(java.lang.String)[pri:0, instance:QualityKiosksTraining.OrangeHRMTestCases.TestCases.ValidLoginCredentialsTestcase@12b0404f]" started-at="2021-06-03T13:27:26 IST" name="Init" finished-at="2021-06-03T13:28:31 IST" duration-ms="65283" status="PASS">
          <params>
            <param index="0">
              <value>
                <![CDATA[CHROME]]>
              </value>
            </param>
          </params>
          <reporter-output>
          </reporter-output>
        </test-method> <!-- Init -->
        <test-method signature="TestLoginWithValidCrdentials()[pri:1, instance:QualityKiosksTraining.OrangeHRMTestCases.TestCases.ValidLoginCredentialsTestcase@12b0404f]" started-at="2021-06-03T13:28:32 IST" name="TestLoginWithValidCrdentials" finished-at="2021-06-03T13:28:40 IST" duration-ms="8034" status="PASS">
          <reporter-output>
          </reporter-output>
        </test-method> <!-- TestLoginWithValidCrdentials -->
      </class> <!-- QualityKiosksTraining.OrangeHRMTestCases.TestCases.ValidLoginCredentialsTestcase -->
    </test> <!-- LoginTestcases -->
  </suite> <!-- OrangeHRMDemoTestcases -->
</testng-results>
