<?xml version="1.0" encoding="UTF-8"?>
<!-- Generated by org.testng.reporters.JUnitXMLReporter -->
<testsuite ignored="0" hostname="DESKTOP-R6LGNLG" failures="0" tests="5" name="LoginTestcases" time="115.326" errors="0" timestamp="2021-06-03T13:29:22 IST">
  <testcase classname="QualityKiosksTraining.OrangeHRMTestCases.TestCases.ValidLoginCredentialsTestcase" name="TestLoginWithValidCrdentials" time="8.034"/>
  <testcase classname="QualityKiosksTraining.OrangeHRMTestCases.TestCases.InvalidLoginTestCases" name="TestLoginWithInValidCrdentials" time="3.095"/>
  <testcase classname="QualityKiosksTraining.OrangeHRMTestCases.TestCases.InvalidLoginTestCases" name="TestLoginWithInValidCrdentials" time="1.593"/>
  <testcase classname="QualityKiosksTraining.OrangeHRMTestCases.TestCases.InvalidLoginTestCases" name="TestLoginWithInValidCrdentials" time="1.03"/>
  <testcase classname="QualityKiosksTraining.OrangeHRMTestCases.TestCases.InvalidLoginTestCases" name="TestLoginWithInValidCrdentials" time="2.957"/>
</testsuite> <!-- LoginTestcases -->
